<?xml version="1.0" encoding="UTF-8"?>
<!-- Generated by org.testng.reporters.JUnitXMLReporter -->
<testsuite hostname="MAVBCP139" ignored="0" name="Default test" tests="16" failures="0" timestamp="2020-07-03T21:12:30 IST" time="0.158" errors="0">
  <testcase name="add" time="0.011" classname="calculatorTest.DataProvideconcept"/>
  <testcase name="add" time="0.003" classname="calculatorTest.DataProvideconcept"/>
  <testcase name="div" time="0.002" classname="calculatorTest.DataProvideconcept"/>
  <testcase name="div" time="0.002" classname="calculatorTest.DataProvideconcept"/>
  <testcase name="exponent" time="0.002" classname="calculatorTest.DataProvideconcept"/>
  <testcase name="exponent" time="0.003" classname="calculatorTest.DataProvideconcept"/>
  <testcase name="inverse" time="0.001" classname="calculatorTest.DataProvideconcept"/>
  <testcase name="inverse" time="0.002" classname="calculatorTest.DataProvideconcept"/>
  <testcase name="mod" time="0.001" classname="calculatorTest.DataProvideconcept"/>
  <testcase name="mod" time="0.002" classname="calculatorTest.DataProvideconcept"/>
  <testcase name="mul" time="0.001" classname="calculatorTest.DataProvideconcept"/>
  <testcase name="mul" time="0.001" classname="calculatorTest.DataProvideconcept"/>
  <testcase name="negate" time="0.001" classname="calculatorTest.DataProvideconcept"/>
  <testcase name="negate" time="0.003" classname="calculatorTest.DataProvideconcept"/>
  <testcase name="sub" time="0.002" classname="calculatorTest.DataProvideconcept"/>
  <testcase name="sub" time="0.002" classname="calculatorTest.DataProvideconcept"/>
</testsuite> <!-- Default test -->
