<?xml version="1.0" encoding="UTF-8"?>
<!-- Generated by org.testng.reporters.JUnitXMLReporter -->
<testsuite hostname="MAVBCP139" ignored="2" name="Grouping Scenarios" tests="2" failures="0" timestamp="2020-07-03T09:11:00 IST" time="4.898" errors="0">
  <testcase name="add" time="0.01" classname="calculatorTest.GroupingClass"/>
  <testcase name="mul" time="0.003" classname="calculatorTest.GroupingClass"/>
  <testcase name="sub" time="0.0" classname="calculatorTest.GroupingClass">
    <ignored/>
  </testcase> <!-- sub -->
  <testcase name="div" time="0.0" classname="calculatorTest.GroupingClass">
    <ignored/>
  </testcase> <!-- div -->
</testsuite> <!-- Grouping Scenarios -->
