<?xml version="1.0" encoding="UTF-8"?>
<!-- Generated by org.testng.reporters.JUnitXMLReporter -->
<testsuite hostname="MAVBCP139" ignored="2" name="Grouping Scenarios" tests="2" failures="0" timestamp="2020-07-03T21:14:13 IST" time="4.307" errors="0">
  <testcase name="div" time="0.011" classname="calculatorTest.GroupingClass"/>
  <testcase name="sub" time="0.002" classname="calculatorTest.GroupingClass"/>
  <testcase name="add" time="0.0" classname="calculatorTest.GroupingClass">
    <ignored/>
  </testcase> <!-- add -->
  <testcase name="mul" time="0.0" classname="calculatorTest.GroupingClass">
    <ignored/>
  </testcase> <!-- mul -->
</testsuite> <!-- Grouping Scenarios -->
