<?xml version="1.0" encoding="UTF-8"?>
<!-- Generated by org.testng.reporters.JUnitXMLReporter -->
<testsuite hostname="MAVBCP139" ignored="0" name="Parameter Scenario" tests="4" failures="0" timestamp="2020-08-03T17:11:49 IST" time="0.136" errors="0">
  <testcase name="add" time="0.035" classname="calculatorTest.ParameterClass"/>
  <testcase name="div" time="0.004" classname="calculatorTest.ParameterClass"/>
  <testcase name="mul" time="0.005" classname="calculatorTest.ParameterClass"/>
  <testcase name="sub" time="0.005" classname="calculatorTest.ParameterClass"/>
</testsuite> <!-- Parameter Scenario -->
