<?xml version="1.0" encoding="UTF-8"?>
<!-- Generated by org.testng.reporters.JUnitXMLReporter -->
<testsuite hostname="MAVBCP139" ignored="0" name="Parallel scenario" tests="8" failures="0" timestamp="2020-07-03T21:14:53 IST" time="0.159" errors="0">
  <testcase name="add" time="0.042" classname="calculatorTest.SampleCalc"/>
  <testcase name="add" time="0.042" classname="calculatorTest.ParameterClass"/>
  <testcase name="div" time="0.006" classname="calculatorTest.SampleCalc"/>
  <testcase name="div" time="0.004" classname="calculatorTest.ParameterClass"/>
  <testcase name="mul" time="0.003" classname="calculatorTest.ParameterClass"/>
  <testcase name="mul" time="0.005" classname="calculatorTest.SampleCalc"/>
  <testcase name="sub" time="0.003" classname="calculatorTest.ParameterClass"/>
  <testcase name="sub" time="0.003" classname="calculatorTest.SampleCalc"/>
</testsuite> <!-- Parallel scenario -->
